#
# There is insufficient memory for the Java Runtime Environment to continue.
# Native memory allocation (malloc) failed to allocate 281376 bytes. Error detail: Chunk::new
# Possible reasons:
#   The system is out of physical RAM or swap space
#   This process is running with CompressedOops enabled, and the Java Heap may be blocking the growth of the native heap
# Possible solutions:
#   Reduce memory load on the system
#   Increase physical memory or swap space
#   Check if swap backing store is full
#   Decrease Java heap size (-Xmx/-Xms)
#   Decrease number of Java threads
#   Decrease Java thread stack sizes (-Xss)
#   Set larger code cache with -XX:ReservedCodeCacheSize=
#   JVM is running with Unscaled Compressed Oops mode in which the Java heap is
#     placed in the first 4GB address space. The Java Heap base address is the
#     maximum limit for the native heap growth. Please use -XX:HeapBaseMinAddress
#     to set the Java Heap base and to place the Java Heap above 4GB virtual address.
# This output file may be truncated or incomplete.
#
#  Out of Memory Error (arena.cpp:150), pid=3656, tid=10900
#
# JRE version: Java(TM) SE Runtime Environment (22.0.1+8) (build 22.0.1+8-16)
# Java VM: Java HotSpot(TM) 64-Bit Server VM (22.0.1+8-16, mixed mode, sharing, tiered, compressed oops, compressed class ptrs, g1 gc, windows-amd64)
# No core dump will be written. Minidumps are not enabled by default on client versions of Windows
#

---------------  S U M M A R Y ------------

Command Line: -javaagent:C:\Program Files\JetBrains\IntelliJ IDEA Community Edition 2024.1.4\lib\idea_rt.jar=64547:C:\Program Files\JetBrains\IntelliJ IDEA Community Edition 2024.1.4\bin -Dfile.encoding=UTF-8 -Dsun.stdout.encoding=UTF-8 -Dsun.stderr.encoding=UTF-8 com.SpringBoot.SpringSecurity.SpringSecurityApplication

Host: AMD PRO A4-4350B R4, 5 COMPUTE CORES 2C+3G     , 2 cores, 3G,  Windows 10 , 64 bit Build 19041 (10.0.19041.2913)
Time: Sun Aug  4 19:14:53 2024 India Standard Time elapsed time: 22.746141 seconds (0d 0h 0m 22s)

---------------  T H R E A D  ---------------

Current thread (0x00000220c1138180):  JavaThread "C2 CompilerThread0" daemon [_thread_in_native, id=10900, stack(0x000000dca8800000,0x000000dca8900000) (1024K)]


Current CompileTask:
C2:22746 1693       4       java.util.jar.JarFile::getVersionedEntry (133 bytes)

Stack: [0x000000dca8800000,0x000000dca8900000]
Native frames: (J=compiled Java code, j=interpreted, Vv=VM code, C=native code)
V  [jvm.dll+0x6e2279]  (no source info available)
V  [jvm.dll+0x874e33]  (no source info available)
V  [jvm.dll+0x87725e]  (no source info available)
V  [jvm.dll+0x877933]  (no source info available)
V  [jvm.dll+0x27fd76]  (no source info available)
V  [jvm.dll+0xc3d0f]  (no source info available)
V  [jvm.dll+0xc3f6b]  (no source info available)
V  [jvm.dll+0x2f3c2f]  (no source info available)
V  [jvm.dll+0x60bc9a]  (no source info available)
V  [jvm.dll+0x249a35]  (no source info available)
V  [jvm.dll+0x246ec6]  (no source info available)
V  [jvm.dll+0x1c4e90]  (no source info available)
V  [jvm.dll+0x2569fe]  (no source info available)
V  [jvm.dll+0x254cba]  (no source info available)
V  [jvm.dll+0x3f5336]  (no source info available)
V  [jvm.dll+0x81d44b]  (no source info available)
V  [jvm.dll+0x6e0915]  (no source info available)
C  [ucrtbase.dll+0x21bb2]  (no source info available)
C  [KERNEL32.DLL+0x17614]  (no source info available)
C  [ntdll.dll+0x526a1]  (no source info available)


---------------  P R O C E S S  ---------------

Threads class SMR info:
_java_thread_list=0x00000220c1996f80, length=13, elements={
0x00000220d7597f00, 0x00000220c1127f30, 0x00000220c112aba0, 0x00000220c112bc20,
0x00000220c112e790, 0x00000220c1131480, 0x00000220c1131ee0, 0x00000220c1138180,
0x00000220c1143430, 0x00000220c111ae70, 0x00000220c170bff0, 0x00000220c170c660,
0x00000220c19af860
}

Java Threads: ( => current thread )
  0x00000220d7597f00 JavaThread "main"                              [_thread_blocked, id=1152, stack(0x000000dca7a00000,0x000000dca7b00000) (1024K)]
  0x00000220c1127f30 JavaThread "Reference Handler"          daemon [_thread_blocked, id=5460, stack(0x000000dca8200000,0x000000dca8300000) (1024K)]
  0x00000220c112aba0 JavaThread "Finalizer"                  daemon [_thread_blocked, id=7284, stack(0x000000dca8300000,0x000000dca8400000) (1024K)]
  0x00000220c112bc20 JavaThread "Signal Dispatcher"          daemon [_thread_blocked, id=13640, stack(0x000000dca8400000,0x000000dca8500000) (1024K)]
  0x00000220c112e790 JavaThread "Attach Listener"            daemon [_thread_blocked, id=5824, stack(0x000000dca8500000,0x000000dca8600000) (1024K)]
  0x00000220c1131480 JavaThread "Service Thread"             daemon [_thread_blocked, id=12852, stack(0x000000dca8600000,0x000000dca8700000) (1024K)]
  0x00000220c1131ee0 JavaThread "Monitor Deflation Thread"   daemon [_thread_blocked, id=13784, stack(0x000000dca8700000,0x000000dca8800000) (1024K)]
=>0x00000220c1138180 JavaThread "C2 CompilerThread0"         daemon [_thread_in_native, id=10900, stack(0x000000dca8800000,0x000000dca8900000) (1024K)]
  0x00000220c1143430 JavaThread "C1 CompilerThread0"         daemon [_thread_blocked, id=13704, stack(0x000000dca8900000,0x000000dca8a00000) (1024K)]
  0x00000220c111ae70 JavaThread "Common-Cleaner"             daemon [_thread_blocked, id=7120, stack(0x000000dca8a00000,0x000000dca8b00000) (1024K)]
  0x00000220c170bff0 JavaThread "Monitor Ctrl-Break"         daemon [_thread_in_native, id=12276, stack(0x000000dca8b00000,0x000000dca8c00000) (1024K)]
  0x00000220c170c660 JavaThread "Notification Thread"        daemon [_thread_blocked, id=4696, stack(0x000000dca8c00000,0x000000dca8d00000) (1024K)]
  0x00000220c19af860 JavaThread "background-preinit"                [_thread_in_vm, id=11216, stack(0x000000dca8e00000,0x000000dca8f00000) (1024K)]
Total: 13

Other Threads:
  0x00000220d973e7e0 VMThread "VM Thread"                           [id=10312, stack(0x000000dca8100000,0x000000dca8200000) (1024K)] _threads_hazard_ptr=0x00000220c1996f80
  0x00000220c111a0c0 WatcherThread "VM Periodic Task Thread"        [id=10316, stack(0x000000dca8000000,0x000000dca8100000) (1024K)]
  0x00000220d96c09b0 WorkerThread "GC Thread#0"                     [id=12892, stack(0x000000dca7b00000,0x000000dca7c00000) (1024K)]
  0x00000220c17b4ea0 WorkerThread "GC Thread#1"                     [id=1596, stack(0x000000dca8d00000,0x000000dca8e00000) (1024K)]
  0x00000220d96ca570 ConcurrentGCThread "G1 Main Marker"            [id=5300, stack(0x000000dca7c00000,0x000000dca7d00000) (1024K)]
  0x00000220d96caf90 WorkerThread "G1 Conc#0"                       [id=3676, stack(0x000000dca7d00000,0x000000dca7e00000) (1024K)]
  0x00000220d9718470 ConcurrentGCThread "G1 Refine#0"               [id=8848, stack(0x000000dca7e00000,0x000000dca7f00000) (1024K)]
  0x00000220d9719db0 ConcurrentGCThread "G1 Service"                [id=11776, stack(0x000000dca7f00000,0x000000dca8000000) (1024K)]
Total: 8

Threads with active compile tasks:
C2 CompilerThread0  23928 1693       4       java.util.jar.JarFile::getVersionedEntry (133 bytes)
Total: 1

VM state: synchronizing (normal execution)

VM Mutex/Monitor currently owned by a thread:  ([mutex/lock_event])
[0x00007ffe18559b38] Metaspace_lock - owner thread: 0x00000220c19af860
[0x00007ffe1855bbb8] Threads_lock - owner thread: 0x00000220d973e7e0

Heap address: 0x00000000c2800000, size: 984 MB, Compressed Oops mode: 32-bit

CDS archive(s) mapped at: [0x0000022080000000-0x0000022080c60000-0x0000022080c60000), size 12976128, SharedBaseAddress: 0x0000022080000000, ArchiveRelocationMode: 1.
Compressed class space mapped at: 0x0000022081000000-0x00000220c1000000, reserved size: 1073741824
Narrow klass base: 0x0000022080000000, Narrow klass shift: 0, Narrow klass range: 0x41000000

GC Precious Log:
 CardTable entry size: 512
 Card Set container configuration: InlinePtr #cards 5 size 8 Array Of Cards #cards 12 size 40 Howl #buckets 4 coarsen threshold 1843 Howl Bitmap #cards 512 size 80 coarsen threshold 460 Card regions per heap region 1 cards per card region 2048
 CPUs: 2 total, 2 available
 Memory: 3935M
 Large Page Support: Disabled
 NUMA Support: Disabled
 Compressed Oops: Enabled (32-bit)
 Heap Region Size: 1M
 Heap Min Capacity: 8M
 Heap Initial Capacity: 62M
 Heap Max Capacity: 984M
 Pre-touch: Disabled
 Parallel Workers: 2
 Concurrent Workers: 1
 Concurrent Refinement Workers: 2
 Periodic GC: Disabled

Heap:
 garbage-first heap   total reserved 1007616K, committed 63488K, used 17122K [0x00000000c2800000, 0x0000000100000000)
  region size 1024K, 13 young (13312K), 2 survivors (2048K)
 Metaspace       used 10085K, committed 10304K, reserved 1114112K
  class space    used 1220K, committed 1344K, reserved 1048576K

Heap Regions: E=young(eden), S=young(survivor), O=old, HS=humongous(starts), HC=humongous(continues), CS=collection set, F=free, TAMS=top-at-mark-start, PB=parsable bottom
|   0|0x00000000c2800000, 0x00000000c2900000, 0x00000000c2900000|100%|HS|  |TAMS 0x00000000c2800000| PB 0x00000000c2800000| Complete |  0
|   1|0x00000000c2900000, 0x00000000c2a00000, 0x00000000c2a00000|100%| O|  |TAMS 0x00000000c2900000| PB 0x00000000c2900000| Untracked |  0
|   2|0x00000000c2a00000, 0x00000000c2b00000, 0x00000000c2b00000|100%| O|  |TAMS 0x00000000c2a00000| PB 0x00000000c2a00000| Untracked |  0
|   3|0x00000000c2b00000, 0x00000000c2c00000, 0x00000000c2c00000|100%| O|  |TAMS 0x00000000c2b00000| PB 0x00000000c2b00000| Untracked |  0
|   4|0x00000000c2c00000, 0x00000000c2d00000, 0x00000000c2d00000|100%| O|  |TAMS 0x00000000c2c00000| PB 0x00000000c2c00000| Untracked |  0
|   5|0x00000000c2d00000, 0x00000000c2db88f8, 0x00000000c2e00000| 72%| O|  |TAMS 0x00000000c2d00000| PB 0x00000000c2d00000| Untracked |  0
|   6|0x00000000c2e00000, 0x00000000c2e00000, 0x00000000c2f00000|  0%| F|  |TAMS 0x00000000c2e00000| PB 0x00000000c2e00000| Untracked |  0
|   7|0x00000000c2f00000, 0x00000000c2f00000, 0x00000000c3000000|  0%| F|  |TAMS 0x00000000c2f00000| PB 0x00000000c2f00000| Untracked |  0
|   8|0x00000000c3000000, 0x00000000c3000000, 0x00000000c3100000|  0%| F|  |TAMS 0x00000000c3000000| PB 0x00000000c3000000| Untracked |  0
|   9|0x00000000c3100000, 0x00000000c3100000, 0x00000000c3200000|  0%| F|  |TAMS 0x00000000c3100000| PB 0x00000000c3100000| Untracked |  0
|  10|0x00000000c3200000, 0x00000000c3200000, 0x00000000c3300000|  0%| F|  |TAMS 0x00000000c3200000| PB 0x00000000c3200000| Untracked |  0
|  11|0x00000000c3300000, 0x00000000c3300000, 0x00000000c3400000|  0%| F|  |TAMS 0x00000000c3300000| PB 0x00000000c3300000| Untracked |  0
|  12|0x00000000c3400000, 0x00000000c3400000, 0x00000000c3500000|  0%| F|  |TAMS 0x00000000c3400000| PB 0x00000000c3400000| Untracked |  0
|  13|0x00000000c3500000, 0x00000000c3500000, 0x00000000c3600000|  0%| F|  |TAMS 0x00000000c3500000| PB 0x00000000c3500000| Untracked |  0
|  14|0x00000000c3600000, 0x00000000c3600000, 0x00000000c3700000|  0%| F|  |TAMS 0x00000000c3600000| PB 0x00000000c3600000| Untracked |  0
|  15|0x00000000c3700000, 0x00000000c3700000, 0x00000000c3800000|  0%| F|  |TAMS 0x00000000c3700000| PB 0x00000000c3700000| Untracked |  0
|  16|0x00000000c3800000, 0x00000000c3800000, 0x00000000c3900000|  0%| F|  |TAMS 0x00000000c3800000| PB 0x00000000c3800000| Untracked |  0
|  17|0x00000000c3900000, 0x00000000c3900000, 0x00000000c3a00000|  0%| F|  |TAMS 0x00000000c3900000| PB 0x00000000c3900000| Untracked |  0
|  18|0x00000000c3a00000, 0x00000000c3a00000, 0x00000000c3b00000|  0%| F|  |TAMS 0x00000000c3a00000| PB 0x00000000c3a00000| Untracked |  0
|  19|0x00000000c3b00000, 0x00000000c3b00000, 0x00000000c3c00000|  0%| F|  |TAMS 0x00000000c3b00000| PB 0x00000000c3b00000| Untracked |  0
|  20|0x00000000c3c00000, 0x00000000c3c00000, 0x00000000c3d00000|  0%| F|  |TAMS 0x00000000c3c00000| PB 0x00000000c3c00000| Untracked |  0
|  21|0x00000000c3d00000, 0x00000000c3d00000, 0x00000000c3e00000|  0%| F|  |TAMS 0x00000000c3d00000| PB 0x00000000c3d00000| Untracked |  0
|  22|0x00000000c3e00000, 0x00000000c3e00000, 0x00000000c3f00000|  0%| F|  |TAMS 0x00000000c3e00000| PB 0x00000000c3e00000| Untracked |  0
|  23|0x00000000c3f00000, 0x00000000c3f00000, 0x00000000c4000000|  0%| F|  |TAMS 0x00000000c3f00000| PB 0x00000000c3f00000| Untracked |  0
|  24|0x00000000c4000000, 0x00000000c4000000, 0x00000000c4100000|  0%| F|  |TAMS 0x00000000c4000000| PB 0x00000000c4000000| Untracked |  0
|  25|0x00000000c4100000, 0x00000000c4100000, 0x00000000c4200000|  0%| F|  |TAMS 0x00000000c4100000| PB 0x00000000c4100000| Untracked |  0
|  26|0x00000000c4200000, 0x00000000c4200000, 0x00000000c4300000|  0%| F|  |TAMS 0x00000000c4200000| PB 0x00000000c4200000| Untracked |  0
|  27|0x00000000c4300000, 0x00000000c4300000, 0x00000000c4400000|  0%| F|  |TAMS 0x00000000c4300000| PB 0x00000000c4300000| Untracked |  0
|  28|0x00000000c4400000, 0x00000000c4400000, 0x00000000c4500000|  0%| F|  |TAMS 0x00000000c4400000| PB 0x00000000c4400000| Untracked |  0
|  29|0x00000000c4500000, 0x00000000c4500000, 0x00000000c4600000|  0%| F|  |TAMS 0x00000000c4500000| PB 0x00000000c4500000| Untracked |  0
|  30|0x00000000c4600000, 0x00000000c4600000, 0x00000000c4700000|  0%| F|  |TAMS 0x00000000c4600000| PB 0x00000000c4600000| Untracked |  0
|  31|0x00000000c4700000, 0x00000000c4700000, 0x00000000c4800000|  0%| F|  |TAMS 0x00000000c4700000| PB 0x00000000c4700000| Untracked |  0
|  32|0x00000000c4800000, 0x00000000c4800000, 0x00000000c4900000|  0%| F|  |TAMS 0x00000000c4800000| PB 0x00000000c4800000| Untracked |  0
|  33|0x00000000c4900000, 0x00000000c4900000, 0x00000000c4a00000|  0%| F|  |TAMS 0x00000000c4900000| PB 0x00000000c4900000| Untracked |  0
|  34|0x00000000c4a00000, 0x00000000c4a00000, 0x00000000c4b00000|  0%| F|  |TAMS 0x00000000c4a00000| PB 0x00000000c4a00000| Untracked |  0
|  35|0x00000000c4b00000, 0x00000000c4b00000, 0x00000000c4c00000|  0%| F|  |TAMS 0x00000000c4b00000| PB 0x00000000c4b00000| Untracked |  0
|  36|0x00000000c4c00000, 0x00000000c4c00000, 0x00000000c4d00000|  0%| F|  |TAMS 0x00000000c4c00000| PB 0x00000000c4c00000| Untracked |  0
|  37|0x00000000c4d00000, 0x00000000c4d00000, 0x00000000c4e00000|  0%| F|  |TAMS 0x00000000c4d00000| PB 0x00000000c4d00000| Untracked |  0
|  38|0x00000000c4e00000, 0x00000000c4e00000, 0x00000000c4f00000|  0%| F|  |TAMS 0x00000000c4e00000| PB 0x00000000c4e00000| Untracked |  0
|  39|0x00000000c4f00000, 0x00000000c4f00000, 0x00000000c5000000|  0%| F|  |TAMS 0x00000000c4f00000| PB 0x00000000c4f00000| Untracked |  0
|  40|0x00000000c5000000, 0x00000000c5000000, 0x00000000c5100000|  0%| F|  |TAMS 0x00000000c5000000| PB 0x00000000c5000000| Untracked |  0
|  41|0x00000000c5100000, 0x00000000c5100000, 0x00000000c5200000|  0%| F|  |TAMS 0x00000000c5100000| PB 0x00000000c5100000| Untracked |  0
|  42|0x00000000c5200000, 0x00000000c5200000, 0x00000000c5300000|  0%| F|  |TAMS 0x00000000c5200000| PB 0x00000000c5200000| Untracked |  0
|  43|0x00000000c5300000, 0x00000000c5300000, 0x00000000c5400000|  0%| F|  |TAMS 0x00000000c5300000| PB 0x00000000c5300000| Untracked |  0
|  44|0x00000000c5400000, 0x00000000c5400000, 0x00000000c5500000|  0%| F|  |TAMS 0x00000000c5400000| PB 0x00000000c5400000| Untracked |  0
|  45|0x00000000c5500000, 0x00000000c5500000, 0x00000000c5600000|  0%| F|  |TAMS 0x00000000c5500000| PB 0x00000000c5500000| Untracked |  0
|  46|0x00000000c5600000, 0x00000000c5600000, 0x00000000c5700000|  0%| F|  |TAMS 0x00000000c5600000| PB 0x00000000c5600000| Untracked |  0
|  47|0x00000000c5700000, 0x00000000c5700000, 0x00000000c5800000|  0%| F|  |TAMS 0x00000000c5700000| PB 0x00000000c5700000| Untracked |  0
|  48|0x00000000c5800000, 0x00000000c5800000, 0x00000000c5900000|  0%| F|  |TAMS 0x00000000c5800000| PB 0x00000000c5800000| Untracked |  0
|  49|0x00000000c5900000, 0x00000000c5a00000, 0x00000000c5a00000|100%| S|CS|TAMS 0x00000000c5900000| PB 0x00000000c5900000| Complete |  0
|  50|0x00000000c5a00000, 0x00000000c5b00000, 0x00000000c5b00000|100%| S|CS|TAMS 0x00000000c5a00000| PB 0x00000000c5a00000| Complete |  0
|  51|0x00000000c5b00000, 0x00000000c5bb3b68, 0x00000000c5c00000| 70%| E|  |TAMS 0x00000000c5b00000| PB 0x00000000c5b00000| Complete |  0
|  52|0x00000000c5c00000, 0x00000000c5d00000, 0x00000000c5d00000|100%| E|CS|TAMS 0x00000000c5c00000| PB 0x00000000c5c00000| Complete |  0
|  53|0x00000000c5d00000, 0x00000000c5e00000, 0x00000000c5e00000|100%| E|CS|TAMS 0x00000000c5d00000| PB 0x00000000c5d00000| Complete |  0
|  54|0x00000000c5e00000, 0x00000000c5f00000, 0x00000000c5f00000|100%| E|  |TAMS 0x00000000c5e00000| PB 0x00000000c5e00000| Complete |  0
|  55|0x00000000c5f00000, 0x00000000c6000000, 0x00000000c6000000|100%| E|CS|TAMS 0x00000000c5f00000| PB 0x00000000c5f00000| Complete |  0
|  56|0x00000000c6000000, 0x00000000c6100000, 0x00000000c6100000|100%| E|CS|TAMS 0x00000000c6000000| PB 0x00000000c6000000| Complete |  0
|  57|0x00000000c6100000, 0x00000000c6200000, 0x00000000c6200000|100%| E|CS|TAMS 0x00000000c6100000| PB 0x00000000c6100000| Complete |  0
|  58|0x00000000c6200000, 0x00000000c6300000, 0x00000000c6300000|100%| E|CS|TAMS 0x00000000c6200000| PB 0x00000000c6200000| Complete |  0
|  59|0x00000000c6300000, 0x00000000c6400000, 0x00000000c6400000|100%| E|CS|TAMS 0x00000000c6300000| PB 0x00000000c6300000| Complete |  0
|  60|0x00000000c6400000, 0x00000000c6500000, 0x00000000c6500000|100%| E|CS|TAMS 0x00000000c6400000| PB 0x00000000c6400000| Complete |  0
|  61|0x00000000c6500000, 0x00000000c6600000, 0x00000000c6600000|100%| E|CS|TAMS 0x00000000c6500000| PB 0x00000000c6500000| Complete |  0

Card table byte_map: [0x00000220d9440000,0x00000220d9630000] _byte_map_base: 0x00000220d8e2c000

Marking Bits: (CMBitMap*) 0x00000220d96c1fe0
 Bits: [0x00000220f09d0000, 0x00000220f1930000)

Polling page: 0x00000220d7660000

Metaspace:

Usage:
  Non-class:      8.66 MB used.
      Class:      1.19 MB used.
       Both:      9.85 MB used.

Virtual space:
  Non-class space:       64.00 MB reserved,       8.75 MB ( 14%) committed,  1 nodes.
      Class space:        1.00 GB reserved,       1.31 MB ( <1%) committed,  1 nodes.
             Both:        1.06 GB reserved,      10.06 MB ( <1%) committed. 

Chunk freelists:
   Non-Class:  6.56 MB
       Class:  14.66 MB
        Both:  21.22 MB

MaxMetaspaceSize: unlimited
CompressedClassSpaceSize: 1.00 GB
Initial GC threshold: 21.00 MB
Current GC threshold: 21.00 MB
CDS: on
 - commit_granule_bytes: 65536.
 - commit_granule_words: 8192.
 - virtual_space_node_default_size: 8388608.
 - enlarge_chunks_in_place: 1.
 - use_allocation_guard: 0.


Internal statistics:

num_allocs_failed_limit: 0.
num_arena_births: 246.
num_arena_deaths: 0.
num_vsnodes_births: 2.
num_vsnodes_deaths: 0.
num_space_committed: 161.
num_space_uncommitted: 0.
num_chunks_returned_to_freelist: 0.
num_chunks_taken_from_freelist: 570.
num_chunk_merges: 0.
num_chunk_splits: 338.
num_chunks_enlarged: 195.
num_inconsistent_stats: 0.

CodeHeap 'non-profiled nmethods': size=120064Kb used=542Kb max_used=542Kb free=119521Kb
 bounds [0x00000220e9490000, 0x00000220e9700000, 0x00000220f09d0000]
CodeHeap 'profiled nmethods': size=120000Kb used=3152Kb max_used=3152Kb free=116847Kb
 bounds [0x00000220e19d0000, 0x00000220e1cf0000, 0x00000220e8f00000]
CodeHeap 'non-nmethods': size=5696Kb used=1408Kb max_used=1415Kb free=4287Kb
 bounds [0x00000220e8f00000, 0x00000220e9170000, 0x00000220e9490000]
 total_blobs=2240 nmethods=1741 adapters=404
 compilation: enabled
              stopped_count=0, restarted_count=0
 full_count=0

Compilation events (20 events):
Event: 22.613 Thread 0x00000220c1143430 nmethod 1689 0x00000220e1cbcd90 code [0x00000220e1cbd5c0, 0x00000220e1cc4760]
Event: 22.613 Thread 0x00000220c1143430 1690       3       java.lang.invoke.ConstantCallSite::<init> (17 bytes)
Event: 22.614 Thread 0x00000220c1143430 nmethod 1690 0x00000220e1cc7b90 code [0x00000220e1cc7d80, 0x00000220e1cc8300]
Event: 22.614 Thread 0x00000220c1143430 1691       3       ch.qos.logback.classic.util.LoggerNameUtil::getSeparatorIndexOf (53 bytes)
Event: 22.615 Thread 0x00000220c1143430 nmethod 1691 0x00000220e1cc8510 code [0x00000220e1cc86e0, 0x00000220e1cc89d8]
Event: 22.615 Thread 0x00000220c1143430 1692       3       java.util.Properties::getProperty (50 bytes)
Event: 22.615 Thread 0x00000220c1143430 nmethod 1692 0x00000220e1cc8b10 code [0x00000220e1cc8ce0, 0x00000220e1cc9188]
Event: 22.628 Thread 0x00000220c1138180 1693       4       java.util.jar.JarFile::getVersionedEntry (133 bytes)
Event: 22.666 Thread 0x00000220c1143430 1694       3       java.lang.Character::digit (6 bytes)
Event: 22.666 Thread 0x00000220c1143430 nmethod 1694 0x00000220e1cc9310 code [0x00000220e1cc94c0, 0x00000220e1cc9720]
Event: 22.666 Thread 0x00000220c1143430 1695       3       java.lang.Character::digit (10 bytes)
Event: 22.666 Thread 0x00000220c1143430 nmethod 1695 0x00000220e1cc9810 code [0x00000220e1cc99c0, 0x00000220e1cc9bc8]
Event: 22.681 Thread 0x00000220c1143430 1696       3       java.util.LinkedHashMap::getOrDefault (29 bytes)
Event: 22.681 Thread 0x00000220c1143430 nmethod 1696 0x00000220e1cc9c90 code [0x00000220e1cc9e60, 0x00000220e1cca118]
Event: 22.682 Thread 0x00000220c1143430 1699       3       org.springframework.boot.context.properties.source.SpringIterableConfigurationPropertySource$$Lambda/0x00000220810b4c00::get (8 bytes)
Event: 22.682 Thread 0x00000220c1143430 nmethod 1699 0x00000220e1cca210 code [0x00000220e1cca3c0, 0x00000220e1cca598]
Event: 22.682 Thread 0x00000220c1143430 1700       3       org.springframework.boot.context.properties.source.SpringIterableConfigurationPropertySource$Mappings::updateMappings (261 bytes)
Event: 22.685 Thread 0x00000220c1143430 nmethod 1700 0x00000220e1cca690 code [0x00000220e1ccaac0, 0x00000220e1ccca80]
Event: 22.686 Thread 0x00000220c1143430 1701       3       sun.reflect.generics.reflectiveObjects.ParameterizedTypeImpl::hashCode (24 bytes)
Event: 22.686 Thread 0x00000220c1143430 nmethod 1701 0x00000220e1ccd610 code [0x00000220e1ccd800, 0x00000220e1ccdc38]

GC Heap History (6 events):
Event: 5.707 GC heap before
{Heap before GC invocations=0 (full 0):
 garbage-first heap   total reserved 1007616K, committed 63488K, used 7168K [0x00000000c2800000, 0x0000000100000000)
  region size 1024K, 7 young (7168K), 0 survivors (0K)
 Metaspace       used 978K, committed 1088K, reserved 1114112K
  class space    used 72K, committed 128K, reserved 1048576K
}
Event: 5.717 GC heap after
{Heap after GC invocations=1 (full 0):
 garbage-first heap   total reserved 1007616K, committed 63488K, used 5727K [0x00000000c2800000, 0x0000000100000000)
  region size 1024K, 1 young (1024K), 1 survivors (1024K)
 Metaspace       used 978K, committed 1088K, reserved 1114112K
  class space    used 72K, committed 128K, reserved 1048576K
}
Event: 11.753 GC heap before
{Heap before GC invocations=1 (full 0):
 garbage-first heap   total reserved 1007616K, committed 63488K, used 9823K [0x00000000c2800000, 0x0000000100000000)
  region size 1024K, 5 young (5120K), 1 survivors (1024K)
 Metaspace       used 2973K, committed 3136K, reserved 1114112K
  class space    used 272K, committed 384K, reserved 1048576K
}
Event: 11.758 GC heap after
{Heap after GC invocations=2 (full 0):
 garbage-first heap   total reserved 1007616K, committed 63488K, used 6882K [0x00000000c2800000, 0x0000000100000000)
  region size 1024K, 1 young (1024K), 1 survivors (1024K)
 Metaspace       used 2973K, committed 3136K, reserved 1114112K
  class space    used 272K, committed 384K, reserved 1048576K
}
Event: 20.682 GC heap before
{Heap before GC invocations=2 (full 0):
 garbage-first heap   total reserved 1007616K, committed 63488K, used 16098K [0x00000000c2800000, 0x0000000100000000)
  region size 1024K, 11 young (11264K), 1 survivors (1024K)
 Metaspace       used 6448K, committed 6656K, reserved 1114112K
  class space    used 736K, committed 832K, reserved 1048576K
}
Event: 20.689 GC heap after
{Heap after GC invocations=3 (full 0):
 garbage-first heap   total reserved 1007616K, committed 63488K, used 7906K [0x00000000c2800000, 0x0000000100000000)
  region size 1024K, 2 young (2048K), 2 survivors (2048K)
 Metaspace       used 6448K, committed 6656K, reserved 1114112K
  class space    used 736K, committed 832K, reserved 1048576K
}

Dll operation events (10 events):
Event: 0.243 Loaded shared library C:\Program Files\Java\jdk-22\bin\java.dll
Event: 0.313 Loaded shared library C:\Program Files\Java\jdk-22\bin\jsvml.dll
Event: 0.900 Loaded shared library C:\Program Files\Java\jdk-22\bin\zip.dll
Event: 1.200 Loaded shared library C:\Program Files\Java\jdk-22\bin\instrument.dll
Event: 1.293 Loaded shared library C:\Program Files\Java\jdk-22\bin\net.dll
Event: 1.362 Loaded shared library C:\Program Files\Java\jdk-22\bin\nio.dll
Event: 1.369 Loaded shared library C:\Program Files\Java\jdk-22\bin\zip.dll
Event: 4.190 Loaded shared library C:\Program Files\JetBrains\IntelliJ IDEA Community Edition 2024.1.4\bin\breakgen64.dll
Event: 4.549 Loaded shared library C:\Program Files\Java\jdk-22\bin\extnet.dll
Event: 7.135 Loaded shared library C:\Program Files\Java\jdk-22\bin\jimage.dll

Deoptimization events (20 events):
Event: 21.695 Thread 0x00000220d7597f00 Uncommon trap: trap_request=0xffffffc6 fr.pc=0x00000220e94e8fec relative=0x000000000000038c
Event: 21.695 Thread 0x00000220d7597f00 Uncommon trap: reason=bimorphic_or_optimized_type_check action=maybe_recompile pc=0x00000220e94e8fec method=java.util.concurrent.ConcurrentHashMap.get(Ljava/lang/Object;)Ljava/lang/Object; @ 149 c2
Event: 21.695 Thread 0x00000220d7597f00 DEOPT PACKING pc=0x00000220e94e8fec sp=0x000000dca7afc840
Event: 21.695 Thread 0x00000220d7597f00 DEOPT UNPACKING pc=0x00000220e8f546a2 sp=0x000000dca7afc7c0 mode 2
Event: 21.695 Thread 0x00000220d7597f00 Uncommon trap: trap_request=0xffffffc6 fr.pc=0x00000220e94e8fec relative=0x000000000000038c
Event: 21.695 Thread 0x00000220d7597f00 Uncommon trap: reason=bimorphic_or_optimized_type_check action=maybe_recompile pc=0x00000220e94e8fec method=java.util.concurrent.ConcurrentHashMap.get(Ljava/lang/Object;)Ljava/lang/Object; @ 149 c2
Event: 21.695 Thread 0x00000220d7597f00 DEOPT PACKING pc=0x00000220e94e8fec sp=0x000000dca7afd580
Event: 21.695 Thread 0x00000220d7597f00 DEOPT UNPACKING pc=0x00000220e8f546a2 sp=0x000000dca7afd500 mode 2
Event: 21.695 Thread 0x00000220d7597f00 Uncommon trap: trap_request=0xffffffc6 fr.pc=0x00000220e94e8fec relative=0x000000000000038c
Event: 21.695 Thread 0x00000220d7597f00 Uncommon trap: reason=bimorphic_or_optimized_type_check action=maybe_recompile pc=0x00000220e94e8fec method=java.util.concurrent.ConcurrentHashMap.get(Ljava/lang/Object;)Ljava/lang/Object; @ 149 c2
Event: 21.695 Thread 0x00000220d7597f00 DEOPT PACKING pc=0x00000220e94e8fec sp=0x000000dca7afd500
Event: 21.695 Thread 0x00000220d7597f00 DEOPT UNPACKING pc=0x00000220e8f546a2 sp=0x000000dca7afd480 mode 2
Event: 22.114 Thread 0x00000220d7597f00 Uncommon trap: trap_request=0xffffffc6 fr.pc=0x00000220e94e8fec relative=0x000000000000038c
Event: 22.114 Thread 0x00000220d7597f00 Uncommon trap: reason=bimorphic_or_optimized_type_check action=maybe_recompile pc=0x00000220e94e8fec method=java.util.concurrent.ConcurrentHashMap.get(Ljava/lang/Object;)Ljava/lang/Object; @ 149 c2
Event: 22.114 Thread 0x00000220d7597f00 DEOPT PACKING pc=0x00000220e94e8fec sp=0x000000dca7afcaf0
Event: 22.114 Thread 0x00000220d7597f00 DEOPT UNPACKING pc=0x00000220e8f546a2 sp=0x000000dca7afca60 mode 2
Event: 22.400 Thread 0x00000220d7597f00 Uncommon trap: trap_request=0xffffff45 fr.pc=0x00000220e94d9508 relative=0x0000000000000bc8
Event: 22.400 Thread 0x00000220d7597f00 Uncommon trap: reason=unstable_if action=reinterpret pc=0x00000220e94d9508 method=java.util.jar.JarFile.getEntry(Ljava/lang/String;)Ljava/util/zip/ZipEntry; @ 15 c2
Event: 22.400 Thread 0x00000220d7597f00 DEOPT PACKING pc=0x00000220e94d9508 sp=0x000000dca7afd530
Event: 22.400 Thread 0x00000220d7597f00 DEOPT UNPACKING pc=0x00000220e8f546a2 sp=0x000000dca7afd518 mode 2

Classes loaded (20 events):
Event: 22.401 Loading class java/util/concurrent/ScheduledExecutorService
Event: 22.401 Loading class java/util/concurrent/ScheduledExecutorService done
Event: 22.402 Loading class java/lang/ThreadBuilders$VirtualThreadBuilder
Event: 22.403 Loading class java/lang/Thread$Builder$OfVirtual
Event: 22.403 Loading class java/lang/Thread$Builder
Event: 22.403 Loading class java/lang/Thread$Builder done
Event: 22.403 Loading class java/lang/Thread$Builder$OfVirtual done
Event: 22.403 Loading class java/lang/ThreadBuilders$BaseThreadBuilder
Event: 22.403 Loading class java/lang/ThreadBuilders$BaseThreadBuilder done
Event: 22.403 Loading class java/lang/ThreadBuilders$VirtualThreadBuilder done
Event: 22.403 Loading class java/lang/ThreadBuilders
Event: 22.404 Loading class java/lang/ThreadBuilders done
Event: 22.404 Loading class java/lang/ThreadBuilders$VirtualThreadFactory
Event: 22.404 Loading class java/lang/ThreadBuilders$BaseThreadFactory
Event: 22.404 Loading class java/lang/ThreadBuilders$BaseThreadFactory done
Event: 22.404 Loading class java/lang/ThreadBuilders$VirtualThreadFactory done
Event: 22.596 Loading class java/util/Stack
Event: 22.596 Loading class java/util/Stack done
Event: 22.597 Loading class java/util/Vector$Itr
Event: 22.597 Loading class java/util/Vector$Itr done

Classes unloaded (0 events):
No events

Classes redefined (0 events):
No events

Internal exceptions (20 events):
Event: 21.090 Thread 0x00000220d7597f00 Exception <a 'java/lang/NoSuchMethodError'{0x00000000c6484130}: 'void java.lang.invoke.DirectMethodHandle$Holder.invokeStaticInit(java.lang.Object, java.lang.Object)'> (0x00000000c6484130) 
thrown [s\open\src\hotspot\share\interpreter\linkResolver.cpp, line 774]
Event: 21.160 Thread 0x00000220d7597f00 Exception <a 'java/lang/NoSuchMethodError'{0x00000000c64c71e8}: 'int java.lang.invoke.DirectMethodHandle$Holder.invokeStatic(java.lang.Object, java.lang.Object, java.lang.Object, java.lang.Object)'> (0x00000000c64c71e8) 
thrown [s\open\src\hotspot\share\interpreter\linkResolver.cpp, line 774]
Event: 21.290 Thread 0x00000220d7597f00 Exception <a 'java/lang/NoSuchMethodError'{0x00000000c6334ab0}: 'java.lang.Object java.lang.invoke.DirectMethodHandle$Holder.invokeSpecial(java.lang.Object, java.lang.Object, java.lang.Object, java.lang.Object, java.lang.Object, java.lang.Object, int)'> (0x00000000c6334ab0) 
thrown [s\open\src\hotspot\share\interpreter\linkResolver.cpp, line 774]
Event: 21.291 Thread 0x00000220d7597f00 Exception <a 'java/lang/NoSuchMethodError'{0x00000000c633e188}: 'java.lang.Object java.lang.invoke.DirectMethodHandle$Holder.newInvokeSpecial(java.lang.Object, java.lang.Object, java.lang.Object, java.lang.Object, java.lang.Object, java.lang.Object, int)'> (0x00000000c633e188) 
thrown [s\open\src\hotspot\share\interpreter\linkResolver.cpp, line 774]
Event: 21.292 Thread 0x00000220d7597f00 Exception <a 'java/lang/NoSuchMethodError'{0x00000000c6342818}: 'java.lang.Object java.lang.invoke.DirectMethodHandle$Holder.invokeSpecial(java.lang.Object, java.lang.Object, java.lang.Object, java.lang.Object, java.lang.Object, java.lang.Object, java.lang.Object, int)'> (0x00000000c6342818) 
thrown [s\open\src\hotspot\share\interpreter\linkResolver.cpp, line 774]
Event: 21.404 Thread 0x00000220d7597f00 Exception <a 'java/lang/NoSuchMethodError'{0x00000000c6263318}: 'int java.lang.invoke.DirectMethodHandle$Holder.invokeInterface(java.lang.Object, java.lang.Object)'> (0x00000000c6263318) 
thrown [s\open\src\hotspot\share\interpreter\linkResolver.cpp, line 774]
Event: 21.434 Thread 0x00000220d7597f00 Exception <a 'java/lang/NoSuchMethodError'{0x00000000c6285180}: 'void java.lang.invoke.DirectMethodHandle$Holder.invokeSpecial(java.lang.Object, java.lang.Object, java.lang.Object, java.lang.Object, java.lang.Object)'> (0x00000000c6285180) 
thrown [s\open\src\hotspot\share\interpreter\linkResolver.cpp, line 774]
Event: 21.563 Thread 0x00000220d7597f00 Exception <a 'java/lang/NoSuchMethodError'{0x00000000c62ccfc0}: 'int java.lang.invoke.DirectMethodHandle$Holder.invokeVirtual(java.lang.Object, java.lang.Object)'> (0x00000000c62ccfc0) 
thrown [s\open\src\hotspot\share\interpreter\linkResolver.cpp, line 774]
Event: 21.746 Thread 0x00000220d7597f00 Exception <a 'java/lang/NoSuchMethodError'{0x00000000c61624e0}: 'java.lang.Object java.lang.invoke.DirectMethodHandle$Holder.invokeSpecial(java.lang.Object, java.lang.Object, java.lang.Object, int, java.lang.Object)'> (0x00000000c61624e0) 
thrown [s\open\src\hotspot\share\interpreter\linkResolver.cpp, line 774]
Event: 21.747 Thread 0x00000220d7597f00 Exception <a 'java/lang/NoSuchMethodError'{0x00000000c6169fa0}: 'java.lang.Object java.lang.invoke.DirectMethodHandle$Holder.newInvokeSpecial(java.lang.Object, java.lang.Object, java.lang.Object, int, java.lang.Object)'> (0x00000000c6169fa0) 
thrown [s\open\src\hotspot\share\interpreter\linkResolver.cpp, line 774]
Event: 21.753 Thread 0x00000220d7597f00 Exception <a 'java/lang/NoSuchMethodError'{0x00000000c6171548}: 'java.lang.Object java.lang.invoke.Invokers$Holder.linkToTargetMethod(java.lang.Object, java.lang.Object, int, java.lang.Object, java.lang.Object)'> (0x00000000c6171548) 
thrown [s\open\src\hotspot\share\interpreter\linkResolver.cpp, line 774]
Event: 21.760 Thread 0x00000220d7597f00 Exception <a 'java/lang/NoSuchMethodError'{0x00000000c617f430}: 'java.lang.Object java.lang.invoke.DirectMethodHandle$Holder.newInvokeSpecial(java.lang.Object, int, java.lang.Object)'> (0x00000000c617f430) 
thrown [s\open\src\hotspot\share\interpreter\linkResolver.cpp, line 774]
Event: 21.770 Thread 0x00000220d7597f00 Exception <a 'java/lang/NoSuchMethodError'{0x00000000c6183fa0}: 'int java.lang.invoke.DirectMethodHandle$Holder.invokeSpecialIFC(java.lang.Object, java.lang.Object, java.lang.Object, java.lang.Object)'> (0x00000000c6183fa0) 
thrown [s\open\src\hotspot\share\interpreter\linkResolver.cpp, line 774]
Event: 22.124 Thread 0x00000220d7597f00 Exception <a 'java/lang/NoSuchMethodError'{0x00000000c5f15318}: 'void java.lang.invoke.DirectMethodHandle$Holder.invokeInterface(java.lang.Object, java.lang.Object, java.lang.Object)'> (0x00000000c5f15318) 
thrown [s\open\src\hotspot\share\interpreter\linkResolver.cpp, line 774]
Event: 22.199 Thread 0x00000220d7597f00 Exception <a 'java/lang/NoSuchMethodError'{0x00000000c5fb2878}: 'void java.lang.invoke.DirectMethodHandle$Holder.invokeStaticInit(java.lang.Object, java.lang.Object, java.lang.Object)'> (0x00000000c5fb2878) 
thrown [s\open\src\hotspot\share\interpreter\linkResolver.cpp, line 774]
Event: 22.207 Thread 0x00000220d7597f00 Exception <a 'java/lang/NoSuchMethodError'{0x00000000c5fee1a0}: 'java.lang.Object java.lang.invoke.DirectMethodHandle$Holder.invokeVirtual(java.lang.Object, java.lang.Object, java.lang.Object)'> (0x00000000c5fee1a0) 
thrown [s\open\src\hotspot\share\interpreter\linkResolver.cpp, line 774]
Event: 22.287 Thread 0x00000220d7597f00 Exception <a 'java/lang/NoSuchMethodError'{0x00000000c5fffd30}: 'java.lang.Object java.lang.invoke.DirectMethodHandle$Holder.invokeStatic(java.lang.Object, long, java.lang.Object)'> (0x00000000c5fffd30) 
thrown [s\open\src\hotspot\share\interpreter\linkResolver.cpp, line 774]
Event: 22.288 Thread 0x00000220d7597f00 Exception <a 'java/lang/NoSuchMethodError'{0x00000000c5e03630}: 'java.lang.Object java.lang.invoke.DirectMethodHandle$Holder.invokeStaticInit(java.lang.Object, long, java.lang.Object)'> (0x00000000c5e03630) 
thrown [s\open\src\hotspot\share\interpreter\linkResolver.cpp, line 774]
Event: 22.289 Thread 0x00000220d7597f00 Exception <a 'java/lang/NoSuchMethodError'{0x00000000c5e08ef0}: 'java.lang.Object java.lang.invoke.DirectMethodHandle$Holder.newInvokeSpecial(java.lang.Object, long)'> (0x00000000c5e08ef0) 
thrown [s\open\src\hotspot\share\interpreter\linkResolver.cpp, line 774]
Event: 22.423 Thread 0x00000220d7597f00 Exception <a 'java/lang/NoSuchMethodError'{0x00000000c5e66840}: 'void java.lang.invoke.DirectMethodHandle$Holder.invokeVirtual(java.lang.Object, java.lang.Object, java.lang.Object, java.lang.Object)'> (0x00000000c5e66840) 
thrown [s\open\src\hotspot\share\interpreter\linkResolver.cpp, line 774]

ZGC Phase Switch (0 events):
No events

VM Operations (20 events):
Event: 17.636 Executing VM operation: HandshakeAllThreads (Deoptimize)
Event: 17.636 Executing VM operation: HandshakeAllThreads (Deoptimize) done
Event: 18.649 Executing VM operation: Cleanup
Event: 18.649 Executing VM operation: Cleanup done
Event: 19.534 Executing VM operation: HandshakeAllThreads (Deoptimize)
Event: 19.534 Executing VM operation: HandshakeAllThreads (Deoptimize) done
Event: 20.553 Executing VM operation: Cleanup
Event: 20.553 Executing VM operation: Cleanup done
Event: 20.681 Executing VM operation: G1CollectForAllocation (G1 Evacuation Pause)
Event: 20.689 Executing VM operation: G1CollectForAllocation (G1 Evacuation Pause) done
Event: 21.537 Executing VM operation: HandshakeAllThreads (Deoptimize)
Event: 21.537 Executing VM operation: HandshakeAllThreads (Deoptimize) done
Event: 22.551 Executing VM operation: Cleanup
Event: 22.551 Executing VM operation: Cleanup done
Event: 22.662 Executing VM operation: HandshakeAllThreads (Deoptimize)
Event: 22.662 Executing VM operation: HandshakeAllThreads (Deoptimize) done
Event: 22.673 Executing VM operation: HandshakeAllThreads (Deoptimize)
Event: 22.673 Executing VM operation: HandshakeAllThreads (Deoptimize) done
Event: 22.674 Executing VM operation: HandshakeAllThreads (Deoptimize)
Event: 22.674 Executing VM operation: HandshakeAllThreads (Deoptimize) done

Events (12 events):
Event: 0.277 Thread 0x00000220d7597f00 Thread added: 0x00000220d7597f00
Event: 0.307 Thread 0x00000220c1127f30 Thread added: 0x00000220c1127f30
Event: 0.307 Thread 0x00000220c112aba0 Thread added: 0x00000220c112aba0
Event: 0.308 Thread 0x00000220c112bc20 Thread added: 0x00000220c112bc20
Event: 0.308 Thread 0x00000220c112e790 Thread added: 0x00000220c112e790
Event: 0.308 Thread 0x00000220c1131480 Thread added: 0x00000220c1131480
Event: 0.309 Thread 0x00000220c1131ee0 Thread added: 0x00000220c1131ee0
Event: 0.309 Thread 0x00000220c1138180 Thread added: 0x00000220c1138180
Event: 0.309 Thread 0x00000220c1143430 Thread added: 0x00000220c1143430
Event: 0.755 Thread 0x00000220c111ae70 Thread added: 0x00000220c111ae70
Event: 4.191 Thread 0x00000220c170bff0 Thread added: 0x00000220c170bff0
Event: 4.191 Thread 0x00000220c170c660 Thread added: 0x00000220c170c660


Dynamic libraries:
0x00007ff7b8230000 - 0x00007ff7b8240000 	C:\Program Files\Java\jdk-22\bin\java.exe
0x00007ffe7eab0000 - 0x00007ffe7eca8000 	C:\WINDOWS\SYSTEM32\ntdll.dll
0x00007ffe7cec0000 - 0x00007ffe7cf7f000 	C:\WINDOWS\System32\KERNEL32.DLL
0x00007ffe7c3d0000 - 0x00007ffe7c6c6000 	C:\WINDOWS\System32\KERNELBASE.dll
0x00007ffe7ca10000 - 0x00007ffe7cb10000 	C:\WINDOWS\System32\ucrtbase.dll
0x00007ffe6f050000 - 0x00007ffe6f067000 	C:\Program Files\Java\jdk-22\bin\jli.dll
0x00007ffe7e070000 - 0x00007ffe7e11f000 	C:\WINDOWS\System32\ADVAPI32.dll
0x00007ffe7e430000 - 0x00007ffe7e4ce000 	C:\WINDOWS\System32\msvcrt.dll
0x00007ffe7cdf0000 - 0x00007ffe7ce8c000 	C:\WINDOWS\System32\sechost.dll
0x00007ffe7cb10000 - 0x00007ffe7cc36000 	C:\WINDOWS\System32\RPCRT4.dll
0x00007ffe7d6d0000 - 0x00007ffe7d86d000 	C:\WINDOWS\System32\USER32.dll
0x00007ffe7c770000 - 0x00007ffe7c792000 	C:\WINDOWS\System32\win32u.dll
0x00007ffe7ce90000 - 0x00007ffe7cebc000 	C:\WINDOWS\System32\GDI32.dll
0x00007ffe7c8a0000 - 0x00007ffe7c9b5000 	C:\WINDOWS\System32\gdi32full.dll
0x00007ffe7c6d0000 - 0x00007ffe7c76d000 	C:\WINDOWS\System32\msvcp_win.dll
0x00007ffe56f50000 - 0x00007ffe56f6b000 	C:\Program Files\Java\jdk-22\bin\VCRUNTIME140.dll
0x00007ffe66940000 - 0x00007ffe66bda000 	C:\WINDOWS\WinSxS\amd64_microsoft.windows.common-controls_6595b64144ccf1df_6.0.19041.1110_none_60b5254171f9507e\COMCTL32.dll
0x00007ffe748a0000 - 0x00007ffe748aa000 	C:\WINDOWS\SYSTEM32\VERSION.dll
0x00007ffe7e5d0000 - 0x00007ffe7e600000 	C:\WINDOWS\System32\IMM32.DLL
0x00007ffe74db0000 - 0x00007ffe74dbc000 	C:\Program Files\Java\jdk-22\bin\vcruntime140_1.dll
0x00007ffe41600000 - 0x00007ffe4168e000 	C:\Program Files\Java\jdk-22\bin\msvcp140.dll
0x00007ffe178f0000 - 0x00007ffe18637000 	C:\Program Files\Java\jdk-22\bin\server\jvm.dll
0x00007ffe7de50000 - 0x00007ffe7debb000 	C:\WINDOWS\System32\WS2_32.dll
0x00007ffe7bba0000 - 0x00007ffe7bbeb000 	C:\WINDOWS\SYSTEM32\POWRPROF.dll
0x00007ffe749c0000 - 0x00007ffe749e7000 	C:\WINDOWS\SYSTEM32\WINMM.dll
0x00007ffe7bb80000 - 0x00007ffe7bb92000 	C:\WINDOWS\SYSTEM32\UMPDC.dll
0x00007ffe7a050000 - 0x00007ffe7a062000 	C:\WINDOWS\SYSTEM32\kernel.appcore.dll
0x00007ffe72800000 - 0x00007ffe7280a000 	C:\Program Files\Java\jdk-22\bin\jimage.dll
0x00007ffe72d20000 - 0x00007ffe72f04000 	C:\WINDOWS\SYSTEM32\DBGHELP.DLL
0x00007ffe67680000 - 0x00007ffe676b4000 	C:\WINDOWS\SYSTEM32\dbgcore.DLL
0x00007ffe7c7a0000 - 0x00007ffe7c822000 	C:\WINDOWS\System32\bcryptPrimitives.dll
0x00007ffe56f30000 - 0x00007ffe56f3f000 	C:\Program Files\Java\jdk-22\bin\instrument.dll
0x00007ffe55930000 - 0x00007ffe5594e000 	C:\Program Files\Java\jdk-22\bin\java.dll
0x00007ffe7cf80000 - 0x00007ffe7d6c4000 	C:\WINDOWS\System32\SHELL32.dll
0x00007ffe7e1d0000 - 0x00007ffe7e2fa000 	C:\WINDOWS\System32\ole32.dll
0x00007ffe7d870000 - 0x00007ffe7dbc4000 	C:\WINDOWS\System32\combase.dll
0x00007ffe7a250000 - 0x00007ffe7a9e3000 	C:\WINDOWS\SYSTEM32\windows.storage.dll
0x00007ffe7bbf0000 - 0x00007ffe7bc1e000 	C:\WINDOWS\SYSTEM32\Wldp.dll
0x00007ffe7e120000 - 0x00007ffe7e1cd000 	C:\WINDOWS\System32\SHCORE.dll
0x00007ffe7cd10000 - 0x00007ffe7cd65000 	C:\WINDOWS\System32\shlwapi.dll
0x00007ffe7c0d0000 - 0x00007ffe7c0ef000 	C:\WINDOWS\SYSTEM32\profapi.dll
0x00007ffe41100000 - 0x00007ffe411d7000 	C:\Program Files\Java\jdk-22\bin\jsvml.dll
0x00007ffe542e0000 - 0x00007ffe542f7000 	C:\Program Files\Java\jdk-22\bin\zip.dll
0x00007ffe56860000 - 0x00007ffe56870000 	C:\Program Files\Java\jdk-22\bin\net.dll
0x00007ffe7b8e0000 - 0x00007ffe7b94a000 	C:\WINDOWS\system32\mswsock.dll
0x00007ffe54250000 - 0x00007ffe54266000 	C:\Program Files\Java\jdk-22\bin\nio.dll
0x00007ffe535d0000 - 0x00007ffe535ea000 	C:\Program Files\JetBrains\IntelliJ IDEA Community Edition 2024.1.4\bin\breakgen64.dll
0x00007ffe555e0000 - 0x00007ffe555e9000 	C:\Program Files\Java\jdk-22\bin\extnet.dll
0x00007ffe54c50000 - 0x00007ffe54c5b000 	C:\Program Files\Java\jdk-22\bin\le.dll

dbghelp: loaded successfully - version: 4.0.5 - missing functions: none
symbol engine: initialized successfully - sym options: 0x614 - pdb path: .;C:\Program Files\Java\jdk-22\bin;C:\WINDOWS\SYSTEM32;C:\WINDOWS\WinSxS\amd64_microsoft.windows.common-controls_6595b64144ccf1df_6.0.19041.1110_none_60b5254171f9507e;C:\Program Files\Java\jdk-22\bin\server;C:\Program Files\JetBrains\IntelliJ IDEA Community Edition 2024.1.4\bin

VM Arguments:
jvm_args: -javaagent:C:\Program Files\JetBrains\IntelliJ IDEA Community Edition 2024.1.4\lib\idea_rt.jar=64547:C:\Program Files\JetBrains\IntelliJ IDEA Community Edition 2024.1.4\bin -Dfile.encoding=UTF-8 -Dsun.stdout.encoding=UTF-8 -Dsun.stderr.encoding=UTF-8 
java_command: com.SpringBoot.SpringSecurity.SpringSecurityApplication
java_class_path (initial): D:\ranjith\program\IntelliJ IDEA\Java\Spring Boot\Spring-Security\target\classes;C:\Users\Ranjithkumar v\.m2\repository\org\springframework\boot\spring-boot-starter-data-jpa\3.3.2\spring-boot-starter-data-jpa-3.3.2.jar;C:\Users\Ranjithkumar v\.m2\repository\org\springframework\boot\spring-boot-starter-aop\3.3.2\spring-boot-starter-aop-3.3.2.jar;C:\Users\Ranjithkumar v\.m2\repository\org\aspectj\aspectjweaver\1.9.22.1\aspectjweaver-1.9.22.1.jar;C:\Users\Ranjithkumar v\.m2\repository\org\springframework\boot\spring-boot-starter-jdbc\3.3.2\spring-boot-starter-jdbc-3.3.2.jar;C:\Users\Ranjithkumar v\.m2\repository\com\zaxxer\HikariCP\5.1.0\HikariCP-5.1.0.jar;C:\Users\Ranjithkumar v\.m2\repository\org\springframework\spring-jdbc\6.1.11\spring-jdbc-6.1.11.jar;C:\Users\Ranjithkumar v\.m2\repository\org\hibernate\orm\hibernate-core\6.5.2.Final\hibernate-core-6.5.2.Final.jar;C:\Users\Ranjithkumar v\.m2\repository\jakarta\persistence\jakarta.persistence-api\3.1.0\jakarta.persistence-api-3.1.0.jar;C:\Users\Ranjithkumar v\.m2\repository\jakarta\transaction\jakarta.transaction-api\2.0.1\jakarta.transaction-api-2.0.1.jar;C:\Users\Ranjithkumar v\.m2\repository\org\jboss\logging\jboss-logging\3.5.3.Final\jboss-logging-3.5.3.Final.jar;C:\Users\Ranjithkumar v\.m2\repository\org\hibernate\common\hibernate-commons-annotations\6.0.6.Final\hibernate-commons-annotations-6.0.6.Final.jar;C:\Users\Ranjithkumar v\.m2\repository\io\smallrye\jandex\3.1.2\jandex-3.1.2.jar;C:\Users\Ranjithkumar v\.m2\repository\com\fasterxml\classmate\1.7.0\classmate-1.7.0.jar;C:\Users\Ranjithkumar v\.m2\repository\net\bytebuddy\byte-buddy\1.14.18\byte-buddy-1.14.18.jar;C:\Users\Ranjithkumar v\.m2\repository\org\glassfish\jaxb\jaxb-runtime\4.0.5\jaxb-runtime-4.0.5.jar;C:\Users\Ranjithkumar v\.m2\repository\org\glassfish\jaxb\jaxb-core\4.0.5\jaxb-core-4.0.5.jar;C:\Users\Ranjithkumar v\.m2\repository\org\eclipse\angus\angus-activation\2.0.2\angus-activation-2.0.2.jar;C:\Users\Ranjithkumar v\.m2\repository\org\glassfish\jaxb\txw2\4.0.5\txw2-4.0.5.jar;C:\Users\Ranjithkumar v\.m2\repository\com\sun\istack\istack-commons-runtime\4.1.2\istack-commons-runtime-4.1.2.jar;C:\Users\Ranjithkumar v\.m2\repository\jakarta\inject\jakarta.inject-api\2.0.1\jakarta.inject-api-2.0.1.jar;C:\Users\Ranjithkumar v\.m2\repository\org\antlr\antlr4-runtime\4.13.0\antlr4-runtime-4.13.0.jar;C:\Users\Ranjithkumar v\.m2\repository\org\springframework\data\spring-data-jpa\3.3.2\spring-data-jpa-3.3.2.jar;C:\Users\Ranjithkumar v\.m2\repository\org\springframework\data\spring-data-commons\3.3.2\spring-data-commons-3.3.2.jar;C:\Users\Ranjithkumar v\.m2\repository\org\springframework\spring-orm\6.1.11\spring-orm-6.1.11.jar;C:\Users\Ranjithkumar v\.m2\repository\org\springframework\spring-context\6.1.11\spring-context-6.1.11.jar;C:\Users\Ranjithkumar v\.m2\repository\org\springframework\spring-tx\6.1.11\spring-tx-6.1.11.jar;C:\Users\Ranjithkumar v\.m2\repository\org\springframework\spring-beans\6.1.11\spring-beans-6.1.11.jar;C:\Users\Ranjithkumar v\.m2\repository\jakarta\annotation\jakarta.annotation-api\2.1.1\jakarta.annotation-api-2.1.1.jar;C:\Users\Ranjithkumar v\.m2\repository\org\slf4j\slf4j-api\2.0.13\slf4j-api-2.0.13.jar;C:\Users\Ranjithkumar v\.m2\repository\org\springframework\spring-aspects\6.1.11\spring-aspects-6.1.11.jar;C:\Users\Ranjithkumar v\.m2\repository\org\springframework\boot\spring-boot-starter-web\3.3.2\spring-boot-starter-web-3.3.2.jar;C:\Users\Ranjithkumar v\.m2\repository\org\springframework\boot\spring-boot-starter\3.3.2\spring-boot-starter-3.3.2.jar;C:\Users\Ranjithkumar v\.m2\repository\org\springframework\boot\spring-boot\3.3.2\spring-boot-3.3.2.jar;C:\Users\Ranjithkumar v\.m2\repository\org\springframework\boot\spring-boot-autoconfigure\3.3.2\spring-boot-autoconfigure-3.3.2.jar;C:\Users\Ranjithkumar v\.m2\repository\org\springframework\boot\spring-boot-starter-logging\3.3.2\spring-boot-starter-logging-3.3.2.jar;C:\Users\Ranjithkumar v\.m2\repository\ch\qos\logback\logback-classic\1.5.6\logback-classic-1.5.6.jar;C:\Users\Ranjithkumar v\.m2\repository\ch\qos\logback\logback-core\1.5.6\logback-core-1.5.6.jar;C:\Users\Ranjithkumar v\.m2\repository\org\apache\logging\log4j\log4j-to-slf4j\2.23.1\log4j-to-slf4j-2.23.1.jar;C:\Users\Ranjithkumar v\.m2\repository\org\apache\logging\log4j\log4j-api\2.23.1\log4j-api-2.23.1.jar;C:\Users\Ranjithkumar v\.m2\repository\org\slf4j\jul-to-slf4j\2.0.13\jul-to-slf4j-2.0.13.jar;C:\Users\Ranjithkumar v\.m2\repository\org\yaml\snakeyaml\2.2\snakeyaml-2.2.jar;C:\Users\Ranjithkumar v\.m2\repository\org\springframework\boot\spring-boot-starter-json\3.3.2\spring-boot-starter-json-3.3.2.jar;C:\Users\Ranjithkumar v\.m2\repository\com\fasterxml\jackson\datatype\jackson-datatype-jdk8\2.17.2\jackson-datatype-jdk8-2.17.2.jar;C:\Users\Ranjithkumar v\.m2\repository\com\fasterxml\jackson\datatype\jackson-datatype-jsr310\2.17.2\jackson-datatype-jsr310-2.17.2.jar;C:\Users\Ranjithkumar v\.m2\repository\com\fasterxml\jackson\module\jackson-module-parameter-names\2.17.2\jackson-module-parameter-names-2.17.2.jar;C:\Users\Ranjithkumar v\.m2\repository\org\springframework\boot\spring-boot-starter-tomcat\3.3.2\spring-boot-starter-tomcat-3.3.2.jar;C:\Users\Ranjithkumar v\.m2\repository\org\apache\tomcat\embed\tomcat-embed-core\10.1.26\tomcat-embed-core-10.1.26.jar;C:\Users\Ranjithkumar v\.m2\repository\org\apache\tomcat\embed\tomcat-embed-el\10.1.26\tomcat-embed-el-10.1.26.jar;C:\Users\Ranjithkumar v\.m2\repository\org\apache\tomcat\embed\tomcat-embed-websocket\10.1.26\tomcat-embed-websocket-10.1.26.jar;C:\Users\Ranjithkumar v\.m2\repository\org\springframework\spring-web\6.1.11\spring-web-6.1.11.jar;C:\Users\Ranjithkumar v\.m2\repository\io\micrometer\micrometer-observation\1.13.2\micrometer-observation-1.13.2.jar;C:\Users\Ranjithkumar v\.m2\repository\io\micrometer\micrometer-commons\1.13.2\micrometer-commons-1.13.2.jar;C:\Users\Ranjithkumar v\.m2\repository\org\springframework\spring-webmvc\6.1.11\spring-webmvc-6.1.11.jar;C:\Users\Ranjithkumar v\.m2\repository\org\springframework\spring-expression\6.1.11\spring-expression-6.1.11.jar;C:\Users\Ranjithkumar v\.m2\repository\com\mysql\mysql-connector-j\8.3.0\mysql-connector-j-8.3.0.jar;C:\Users\Ranjithkumar v\.m2\repository\org\projectlombok\lombok\1.18.34\lombok-1.18.34.jar;C:\Users\Ranjithkumar v\.m2\repository\jakarta\xml\bind\jakarta.xml.bind-api\4.0.2\jakarta.xml.bind-api-4.0.2.jar;C:\Users\Ranjithkumar v\.m2\repository\jakarta\activation\jakarta.activation-api\2.1.3\jakarta.activation-api-2.1.3.jar;C:\Users\Ranjithkumar v\.m2\repository\org\springframework\spring-core\6.1.11\spring-core-6.1.11.jar;C:\Users\Ranjithkumar v\.m2\repository\org\springframework\spring-jcl\6.1.11\spring-jcl-6.1.11.jar;C:\Users\Ranjithkumar v\.m2\repository\io\jsonwebtoken\jjwt-api\0.12.6\jjwt-api-0.12.6.jar;C:\Users\Ranjithkumar v\.m2\repository\io\jsonwebtoken\jjwt-impl\0.12.6\jjwt-impl-0.12.6.jar;C:\Users\Ranjithkumar v\.m2\repository\io\jsonwebtoken\jjwt-jackson\0.12.6\jjwt-jackson-0.12.6.jar;C:\Users\Ranjithkumar v\.m2\repository\com\fasterxml\jackson\core\jackson-databind\2.17.2\jackson-databind-2.17.2.jar;C:\Users\Ranjithkumar v\.m2\repository\com\fasterxml\jackson\core\jackson-annotations\2.17.2\jackson-annotations-2.17.2.jar;C:\Users\Ranjithkumar v\.m2\repository\com\fasterxml\jackson\core\jackson-core\2.17.2\jackson-core-2.17.2.jar;C:\Users\Ranjithkumar v\.m2\repository\org\springframework\boot\spring-boot-starter-security\3.3.2\spring-boot-starter-security-3.3.2.jar;C:\Users\Ranjithkumar v\.m2\repository\org\springframework\spring-aop\6.1.11\spring-aop-6.1.11.jar;C:\Users\Ranjithkumar v\.m2\repository\org\springframework\security\spring-security-config\6.3.1\spring-security-config-6.3.1.jar;C:\Users\Ranjithkumar v\.m2\repository\org\springframework\security\spring-security-web\6.3.1\spring-security-web-6.3.1.jar;C:\Users\Ranjithkumar v\.m2\repository\org\springframework\security\spring-security-core\6.3.1\spring-security-core-6.3.1.jar;C:\Users\Ranjithkumar v\.m2\repository\org\springframework\security\spring-security-crypto\6.3.1\spring-security-crypto-6.3.1.jar
Launcher Type: SUN_STANDARD

[Global flags]
     intx CICompilerCount                          = 2                                         {product} {ergonomic}
     uint ConcGCThreads                            = 1                                         {product} {ergonomic}
     uint G1ConcRefinementThreads                  = 2                                         {product} {ergonomic}
   size_t G1HeapRegionSize                         = 1048576                                   {product} {ergonomic}
   size_t InitialHeapSize                          = 65011712                                  {product} {ergonomic}
   size_t MarkStackSize                            = 4194304                                   {product} {ergonomic}
   size_t MaxHeapSize                              = 1031798784                                {product} {ergonomic}
   size_t MaxNewSize                               = 618659840                                 {product} {ergonomic}
   size_t MinHeapDeltaBytes                        = 1048576                                   {product} {ergonomic}
   size_t MinHeapSize                              = 8388608                                   {product} {ergonomic}
    uintx NonNMethodCodeHeapSize                   = 5826188                                {pd product} {ergonomic}
    uintx NonProfiledCodeHeapSize                  = 122916026                              {pd product} {ergonomic}
    uintx ProfiledCodeHeapSize                     = 122916026                              {pd product} {ergonomic}
    uintx ReservedCodeCacheSize                    = 251658240                              {pd product} {ergonomic}
     bool SegmentedCodeCache                       = true                                      {product} {ergonomic}
   size_t SoftMaxHeapSize                          = 1031798784                             {manageable} {ergonomic}
     bool UseCompressedOops                        = true                           {product lp64_product} {ergonomic}
     bool UseG1GC                                  = true                                      {product} {ergonomic}
     bool UseLargePagesIndividualAllocation        = false                                  {pd product} {ergonomic}

Logging:
Log output configuration:
 #0: stdout all=warning uptime,level,tags foldmultilines=false
 #1: stderr all=off uptime,level,tags foldmultilines=false

Environment Variables:
PATH=C:\Program Files\Common Files\Oracle\Java\javapath;C:\oracle\product\10.2.0\db_1\bin;C:\WINDOWS\system32;C:\WINDOWS;C:\WINDOWS\System32\Wbem;C:\WINDOWS\System32\WindowsPowerShell\v1.0\;C:\WINDOWS\System32\OpenSSH\;C:\Program Files\Java\jdk-19\bin;C:\jdk-19\bin;c:\Program Files (x86)\Microsoft SQL Server\100\Tools\Binn\;c:\Program Files\Microsoft SQL Server\100\Tools\Binn\;c:\Program Files\Microsoft SQL Server\100\DTS\Binn\;C:\Program Files\Git\cmd;C:\Program Files\MySQL\MySQL Shell 8.0\bin\;C:\jre1.8.0_333\bin;C:\Users\Ranjithkumar v\AppData\Local\Programs\Microsoft VS Code\bin;C:\Users\Ranjithkumar v\AppData\Local\Microsoft\WindowsApps;;C:\Program Files\JetBrains\IntelliJ IDEA Community Edition 2024.1.4\bin;
USERNAME=Ranjithkumar v
OS=Windows_NT
PROCESSOR_IDENTIFIER=AMD64 Family 21 Model 112 Stepping 0, AuthenticAMD
TMP=C:\Users\RANJIT~1\AppData\Local\Temp
TEMP=C:\Users\RANJIT~1\AppData\Local\Temp




Periodic native trim disabled

---------------  S Y S T E M  ---------------

OS:
 Windows 10 , 64 bit Build 19041 (10.0.19041.2913)
OS uptime: 7 days 2:12 hours

CPU: total 2 (initial active 2) (2 cores per cpu, 1 threads per core) family 21 model 112 stepping 0 microcode 0x0, cx8, cmov, fxsr, mmx, 3dnowpref, sse, sse2, sse3, ssse3, sse4a, sse4.1, sse4.2, popcnt, lzcnt, tsc, tscinvbit, avx, avx2, aes, clmul, bmi1, bmi2, fma, vzeroupper, clflush, rdtscp, f16c
Processor Information for all 2 processors :
  Max Mhz: 2500, Current Mhz: 2500, Mhz Limit: 2500

Memory: 4k page, system-wide physical 3935M (436M free)
TotalPageFile size 10079M (AvailPageFile size 0M)
current process WorkingSet (physical memory assigned to process): 77M, peak: 77M
current process commit charge ("private bytes"): 149M, peak: 149M

vm_info: Java HotSpot(TM) 64-Bit Server VM (22.0.1+8-16) for windows-amd64 JRE (22.0.1+8-16), built on 2024-03-12T10:33:16Z by "mach5one" with MS VC++ 17.6 (VS2022)

END.
